<?xml version="1.0" encoding="UTF-8"?>
<testng-results skipped="0" failed="0" ignored="1" total="2" passed="1">
  <reporter-output>
  </reporter-output>
  <suite name="Suite" duration-ms="51707" started-at="2021-02-06T08:11:13 IST" finished-at="2021-02-06T08:12:05 IST">
    <groups>
    </groups>
    <test name="Test" duration-ms="51707" started-at="2021-02-06T08:11:13 IST" finished-at="2021-02-06T08:12:05 IST">
      <class name="Frames.iFrame">
        <test-method status="PASS" signature="before()[pri:0, instance:Frames.iFrame@23e028a9]" name="before" is-config="true" duration-ms="20584" started-at="2021-02-06T08:11:13 IST" finished-at="2021-02-06T08:11:34 IST">
          <reporter-output>
          </reporter-output>
        </test-method> <!-- before -->
        <test-method status="PASS" signature="paytm()[pri:0, instance:Frames.iFrame@23e028a9]" name="paytm" duration-ms="22631" started-at="2021-02-06T08:11:34 IST" finished-at="2021-02-06T08:11:56 IST">
          <reporter-output>
          </reporter-output>
        </test-method> <!-- paytm -->
        <test-method status="PASS" signature="after()[pri:0, instance:Frames.iFrame@23e028a9]" name="after" is-config="true" duration-ms="7956" started-at="2021-02-06T08:11:57 IST" finished-at="2021-02-06T08:12:05 IST">
          <reporter-output>
          </reporter-output>
        </test-method> <!-- after -->
      </class> <!-- Frames.iFrame -->
    </test> <!-- Test -->
  </suite> <!-- Suite -->
</testng-results>
