<?xml version="1.0" encoding="UTF-8"?>
<testng-results skipped="0" failed="0" ignored="0" total="1" passed="1">
  <reporter-output>
  </reporter-output>
  <suite name="Suite" duration-ms="41287" started-at="2021-02-05T22:41:57 IST" finished-at="2021-02-05T22:42:38 IST">
    <groups>
    </groups>
    <test name="Test" duration-ms="41287" started-at="2021-02-05T22:41:57 IST" finished-at="2021-02-05T22:42:38 IST">
      <class name="MouseActions.ActionsClass">
        <test-method status="PASS" signature="before()[pri:0, instance:MouseActions.ActionsClass@23e028a9]" name="before" is-config="true" duration-ms="10992" started-at="2021-02-05T22:41:57 IST" finished-at="2021-02-05T22:42:08 IST">
          <reporter-output>
          </reporter-output>
        </test-method> <!-- before -->
        <test-method status="PASS" signature="spicejet()[pri:0, instance:MouseActions.ActionsClass@23e028a9]" name="spicejet" duration-ms="28359" started-at="2021-02-05T22:42:08 IST" finished-at="2021-02-05T22:42:36 IST">
          <reporter-output>
          </reporter-output>
        </test-method> <!-- spicejet -->
        <test-method status="PASS" signature="after()[pri:0, instance:MouseActions.ActionsClass@23e028a9]" name="after" is-config="true" duration-ms="1858" started-at="2021-02-05T22:42:36 IST" finished-at="2021-02-05T22:42:38 IST">
          <reporter-output>
          </reporter-output>
        </test-method> <!-- after -->
      </class> <!-- MouseActions.ActionsClass -->
    </test> <!-- Test -->
  </suite> <!-- Suite -->
</testng-results>
