<?xml version="1.0" encoding="UTF-8"?>
<testsuite xmlns:xsi="http://www.w3.org/2001/XMLSchema-instance" xsi:noNamespaceSchemaLocation="https://maven.apache.org/surefire/maven-surefire-plugin/xsd/surefire-test-report-3.0.xsd" version="3.0" name="TestSuite" time="54.508" tests="1" errors="0" skipped="0" failures="0">
  <properties>
[...]
</properties>
  <testcase name="paytm" classname="Frames.iFrame" time="23.506">
    <system-out><![CDATA[Scan QR code with Paytm App to login
]]></system-out>
    <system-err><![CDATA[1612579274636	geckodriver	INFO	Listening on 127.0.0.1:13590
1612579275138	mozrunner::runner	INFO	Running command: "/usr/lib/firefox/firefox" "--marionette" "-foreground" "-no-remote" "-profile" "/tmp/rust_mozprofilemgIxdd"
console.warn: SearchSettings: "get: No settings file exists, new profile?" (new Error("", "(unknown module)"))
1612579291540	Marionette	INFO	Listening on port 36807
1612579291747	Marionette	WARN	TLS certificate errors will be ignored for this session
1612579291779	Marionette	ERROR	[18] No reply from Marionette:Register
Feb 06, 2021 8:11:32 AM org.openqa.selenium.remote.ProtocolHandshake createSession
INFO: Detected dialect: W3C
console.warn: SearchSettings: "get: No settings file exists, new profile?" (new Error("", "(unknown module)"))
]]></system-err>
  </testcase>
</testsuite>